
     Program epsilon v.6.8 starts on  2Jun2025 at 15: 8:19 

     This program is part of the open-source Quantum ESPRESSO suite
     for quantum simulation of materials; please cite
         "P. Giannozzi et al., J. Phys.:Condens. Matter 21 395502 (2009);
         "P. Giannozzi et al., J. Phys.:Condens. Matter 29 465901 (2017);
         "P. Giannozzi et al., J. Chem. Phys. 152 154105 (2020);
          URL http://www.quantum-espresso.org", 
     in publications or presentations arising from this work. More details at
     http://www.quantum-espresso.org/quote

     Parallel version (MPI & OpenMP), running on       1 processor cores
     Number of MPI processes:                 1
     Threads/MPI process:                     1

     MPI processes distributed on     1 nodes
     186678 MiB available memory on the printing compute node when the environment starts
 


     Reading input file...
     Broadcasting variables...
     Reading PW restart file...

     Reading xml data from directory:

     ./C_out/C_scf.save/

     IMPORTANT: XC functional enforced from input :
     Exchange-correlation= PBE
                           (   1   4   3   4   0   0   0)
     Any further DFT definition will be discarded
     Please, verify this is what you really want

 
     G-vector sticks info
     --------------------
     sticks:   dense  smooth     PW     G-vecs:    dense   smooth      PW
     Sum         379     379    127                 4813     4813     965
 
     Using Slab Decomposition
 


     Fermi energy [eV] is: 16.61091
     The system is a metal...
     metallic system: redefining wmin =     0.001000

     Performing eps calculation...

     xx,yy,zz plasmon frequences [eV] are:    29.066116218   29.066115988   29.066116148

     Writing output on file...


     eps          :      8.74s CPU     37.80s WALL (       1 calls)
     dipole_calc  :      3.44s CPU     31.68s WALL (    8000 calls)
 
 
     epsilon      :     12.95s CPU     42.22s WALL

 
   This run was terminated on:  15: 9: 1   2Jun2025            

=------------------------------------------------------------------------------=
   JOB DONE.
=------------------------------------------------------------------------------=
